<?xml version="1.0" encoding="UTF-8"?>
<!-- Generated by org.testng.reporters.JUnitXMLReporter -->
<testsuite hostname="Khajas-MacBook-Pro.local" name="Regression" tests="3" failures="1" timestamp="8 Nov 2016 05:10:38 GMT" time="5.9" errors="0">
  <testcase name="addingComment" time="4.06" classname="com.restapi.flickr.PhotoCommentsTest"/>
  <testcase name="addingSkipComment" time="0.001" classname="com.restapi.flickr.PhotoCommentsTest">
    <skipped/>
  </testcase> <!-- addingSkipComment -->
  <testcase name="addingWrongComment" time="0.647" classname="com.restapi.flickr.PhotoCommentsTest">
    <failure type="java.lang.AssertionError" message="expected [moinuddinbtech] but found [Welcome to restapi!]">
      <![CDATA[java.lang.AssertionError: expected [moinuddinbtech] but found [Welcome to restapi!]
	at com.restapi.flickr.PhotoCommentsTest.addingWrongComment(PhotoCommentsTest.java:61)
... Removed 32 stack frames]]>
    </failure>
  </testcase> <!-- addingWrongComment -->
</testsuite> <!-- Regression -->
