-------------------------------------------------------------------------------
Test set: TestSuite
-------------------------------------------------------------------------------
Tests run: 3, Failures: 1, Errors: 0, Skipped: 1, Time elapsed: 6.41 sec <<< FAILURE! - in TestSuite
addingWrongComment(com.restapi.flickr.PhotoCommentsTest)  Time elapsed: 0.681 sec  <<< FAILURE!
java.lang.AssertionError: expected [moinuddinbtech] but found [Welcome to restapi!]
	at com.restapi.flickr.PhotoCommentsTest.addingWrongComment(PhotoCommentsTest.java:61)

